/home/minu/ros2_ws/src/boxing_2_0_0/install/boxing_2_0_0/lib/python3.10/site-packages/boxing_2_0_0/moveBackHuman.py
/home/minu/ros2_ws/src/boxing_2_0_0/install/boxing_2_0_0/lib/python3.10/site-packages/boxing_2_0_0/unitTest_punchTypeDetector.py
/home/minu/ros2_ws/src/boxing_2_0_0/install/boxing_2_0_0/lib/python3.10/site-packages/boxing_2_0_0/camera.py
/home/minu/ros2_ws/src/boxing_2_0_0/install/boxing_2_0_0/lib/python3.10/site-packages/boxing_2_0_0/tilt_1_0.py
/home/minu/ros2_ws/src/boxing_2_0_0/install/boxing_2_0_0/lib/python3.10/site-packages/boxing_2_0_0/tilt_2_0.py
/home/minu/ros2_ws/src/boxing_2_0_0/install/boxing_2_0_0/lib/python3.10/site-packages/boxing_2_0_0/aruco.py
/home/minu/ros2_ws/src/boxing_2_0_0/install/boxing_2_0_0/lib/python3.10/site-packages/boxing_2_0_0/tilt_0_1.py
/home/minu/ros2_ws/src/boxing_2_0_0/install/boxing_2_0_0/lib/python3.10/site-packages/boxing_2_0_0/punchTypeDetector.py
/home/minu/ros2_ws/src/boxing_2_0_0/install/boxing_2_0_0/lib/python3.10/site-packages/boxing_2_0_0/__init__.py
/home/minu/ros2_ws/src/boxing_2_0_0/install/boxing_2_0_0/lib/python3.10/site-packages/boxing_2_0_0/punch.py
/home/minu/ros2_ws/src/boxing_2_0_0/install/boxing_2_0_0/lib/python3.10/site-packages/boxing_2_0_0/testClassTime.py
/home/minu/ros2_ws/src/boxing_2_0_0/install/boxing_2_0_0/lib/python3.10/site-packages/boxing_2_0_0/logPunch.py
/home/minu/ros2_ws/src/boxing_2_0_0/install/boxing_2_0_0/lib/python3.10/site-packages/boxing_2_0_0/human.py
/home/minu/ros2_ws/src/boxing_2_0_0/install/boxing_2_0_0/lib/python3.10/site-packages/boxing_2_0_0/tilt_0_0.py
/home/minu/ros2_ws/src/boxing_2_0_0/install/boxing_2_0_0/lib/python3.10/site-packages/boxing_2_0_0/punchPriority.py
/home/minu/ros2_ws/src/boxing_2_0_0/install/boxing_2_0_0/lib/python3.10/site-packages/boxing_2_0_0/tilt_1_1.py
/home/minu/ros2_ws/src/boxing_2_0_0/install/boxing_2_0_0/lib/python3.10/site-packages/boxing_2_0_0/testtesttestcamera.py
/home/minu/ros2_ws/src/boxing_2_0_0/install/boxing_2_0_0/lib/python3.10/site-packages/boxing_2_0_0/control.py
/home/minu/ros2_ws/src/boxing_2_0_0/install/boxing_2_0_0/lib/python3.10/site-packages/boxing_2_0_0/main_old.py
/home/minu/ros2_ws/src/boxing_2_0_0/install/boxing_2_0_0/lib/python3.10/site-packages/boxing_2_0_0/testNP.py
/home/minu/ros2_ws/src/boxing_2_0_0/install/boxing_2_0_0/lib/python3.10/site-packages/boxing_2_0_0/tiltposition.py
/home/minu/ros2_ws/src/boxing_2_0_0/install/boxing_2_0_0/lib/python3.10/site-packages/boxing_2_0_0/main.py
/home/minu/ros2_ws/src/boxing_2_0_0/install/boxing_2_0_0/lib/python3.10/site-packages/boxing_2_0_0/__pycache__/moveBackHuman.cpython-310.pyc
/home/minu/ros2_ws/src/boxing_2_0_0/install/boxing_2_0_0/lib/python3.10/site-packages/boxing_2_0_0/__pycache__/unitTest_punchTypeDetector.cpython-310.pyc
/home/minu/ros2_ws/src/boxing_2_0_0/install/boxing_2_0_0/lib/python3.10/site-packages/boxing_2_0_0/__pycache__/camera.cpython-310.pyc
/home/minu/ros2_ws/src/boxing_2_0_0/install/boxing_2_0_0/lib/python3.10/site-packages/boxing_2_0_0/__pycache__/tilt_1_0.cpython-310.pyc
/home/minu/ros2_ws/src/boxing_2_0_0/install/boxing_2_0_0/lib/python3.10/site-packages/boxing_2_0_0/__pycache__/tilt_2_0.cpython-310.pyc
/home/minu/ros2_ws/src/boxing_2_0_0/install/boxing_2_0_0/lib/python3.10/site-packages/boxing_2_0_0/__pycache__/aruco.cpython-310.pyc
/home/minu/ros2_ws/src/boxing_2_0_0/install/boxing_2_0_0/lib/python3.10/site-packages/boxing_2_0_0/__pycache__/tilt_0_1.cpython-310.pyc
/home/minu/ros2_ws/src/boxing_2_0_0/install/boxing_2_0_0/lib/python3.10/site-packages/boxing_2_0_0/__pycache__/punchTypeDetector.cpython-310.pyc
/home/minu/ros2_ws/src/boxing_2_0_0/install/boxing_2_0_0/lib/python3.10/site-packages/boxing_2_0_0/__pycache__/__init__.cpython-310.pyc
/home/minu/ros2_ws/src/boxing_2_0_0/install/boxing_2_0_0/lib/python3.10/site-packages/boxing_2_0_0/__pycache__/punch.cpython-310.pyc
/home/minu/ros2_ws/src/boxing_2_0_0/install/boxing_2_0_0/lib/python3.10/site-packages/boxing_2_0_0/__pycache__/testClassTime.cpython-310.pyc
/home/minu/ros2_ws/src/boxing_2_0_0/install/boxing_2_0_0/lib/python3.10/site-packages/boxing_2_0_0/__pycache__/logPunch.cpython-310.pyc
/home/minu/ros2_ws/src/boxing_2_0_0/install/boxing_2_0_0/lib/python3.10/site-packages/boxing_2_0_0/__pycache__/human.cpython-310.pyc
/home/minu/ros2_ws/src/boxing_2_0_0/install/boxing_2_0_0/lib/python3.10/site-packages/boxing_2_0_0/__pycache__/tilt_0_0.cpython-310.pyc
/home/minu/ros2_ws/src/boxing_2_0_0/install/boxing_2_0_0/lib/python3.10/site-packages/boxing_2_0_0/__pycache__/punchPriority.cpython-310.pyc
/home/minu/ros2_ws/src/boxing_2_0_0/install/boxing_2_0_0/lib/python3.10/site-packages/boxing_2_0_0/__pycache__/tilt_1_1.cpython-310.pyc
/home/minu/ros2_ws/src/boxing_2_0_0/install/boxing_2_0_0/lib/python3.10/site-packages/boxing_2_0_0/__pycache__/testtesttestcamera.cpython-310.pyc
/home/minu/ros2_ws/src/boxing_2_0_0/install/boxing_2_0_0/lib/python3.10/site-packages/boxing_2_0_0/__pycache__/control.cpython-310.pyc
/home/minu/ros2_ws/src/boxing_2_0_0/install/boxing_2_0_0/lib/python3.10/site-packages/boxing_2_0_0/__pycache__/main_old.cpython-310.pyc
/home/minu/ros2_ws/src/boxing_2_0_0/install/boxing_2_0_0/lib/python3.10/site-packages/boxing_2_0_0/__pycache__/testNP.cpython-310.pyc
/home/minu/ros2_ws/src/boxing_2_0_0/install/boxing_2_0_0/lib/python3.10/site-packages/boxing_2_0_0/__pycache__/tiltposition.cpython-310.pyc
/home/minu/ros2_ws/src/boxing_2_0_0/install/boxing_2_0_0/lib/python3.10/site-packages/boxing_2_0_0/__pycache__/main.cpython-310.pyc
/home/minu/ros2_ws/src/boxing_2_0_0/install/boxing_2_0_0/share/ament_index/resource_index/packages/boxing_2_0_0
/home/minu/ros2_ws/src/boxing_2_0_0/install/boxing_2_0_0/share/boxing_2_0_0/package.xml
/home/minu/ros2_ws/src/boxing_2_0_0/install/boxing_2_0_0/lib/python3.10/site-packages/boxing_2_0_0-0.0.0-py3.10.egg-info/dependency_links.txt
/home/minu/ros2_ws/src/boxing_2_0_0/install/boxing_2_0_0/lib/python3.10/site-packages/boxing_2_0_0-0.0.0-py3.10.egg-info/entry_points.txt
/home/minu/ros2_ws/src/boxing_2_0_0/install/boxing_2_0_0/lib/python3.10/site-packages/boxing_2_0_0-0.0.0-py3.10.egg-info/PKG-INFO
/home/minu/ros2_ws/src/boxing_2_0_0/install/boxing_2_0_0/lib/python3.10/site-packages/boxing_2_0_0-0.0.0-py3.10.egg-info/top_level.txt
/home/minu/ros2_ws/src/boxing_2_0_0/install/boxing_2_0_0/lib/python3.10/site-packages/boxing_2_0_0-0.0.0-py3.10.egg-info/requires.txt
/home/minu/ros2_ws/src/boxing_2_0_0/install/boxing_2_0_0/lib/python3.10/site-packages/boxing_2_0_0-0.0.0-py3.10.egg-info/SOURCES.txt
/home/minu/ros2_ws/src/boxing_2_0_0/install/boxing_2_0_0/lib/python3.10/site-packages/boxing_2_0_0-0.0.0-py3.10.egg-info/zip-safe
/home/minu/ros2_ws/src/boxing_2_0_0/install/boxing_2_0_0/lib/boxing_2_0_0/main
/home/minu/ros2_ws/src/boxing_2_0_0/install/boxing_2_0_0/lib/boxing_2_0_0/main_old
/home/minu/ros2_ws/src/boxing_2_0_0/install/boxing_2_0_0/lib/boxing_2_0_0/moveBackHuman
