[0.100s] DEBUG:colcon:Command line arguments: ['/usr/bin/colcon', 'build']
[0.100s] DEBUG:colcon:Parsed command line arguments: Namespace(log_base=None, log_level=None, verb_name='build', build_base='build', install_base='install', merge_install=False, symlink_install=False, test_result_base=None, continue_on_error=False, executor='parallel', parallel_workers=8, event_handlers=None, ignore_user_meta=False, metas=['./colcon.meta'], base_paths=['.'], packages_ignore=None, packages_ignore_regex=None, paths=None, packages_up_to=None, packages_up_to_regex=None, packages_above=None, packages_above_and_dependencies=None, packages_above_depth=None, packages_select_by_dep=None, packages_skip_by_dep=None, packages_skip_up_to=None, packages_select_build_failed=False, packages_skip_build_finished=False, packages_select_test_failures=False, packages_skip_test_passed=False, packages_select=None, packages_skip=None, packages_select_regex=None, packages_skip_regex=None, packages_start=None, packages_end=None, allow_overriding=[], cmake_args=None, cmake_target=None, cmake_target_skip_unavailable=False, cmake_clean_cache=False, cmake_clean_first=False, cmake_force_configure=False, ament_cmake_args=None, catkin_cmake_args=None, catkin_skip_building_tests=False, mixin_files=None, mixin=None, verb_parser=<colcon_mixin.mixin.mixin_argument.MixinArgumentDecorator object at 0x7549af533640>, verb_extension=<colcon_core.verb.build.BuildVerb object at 0x7549af533190>, main=<bound method BuildVerb.main of <colcon_core.verb.build.BuildVerb object at 0x7549af533190>>, mixin_verb=('build',))
[0.325s] Level 1:colcon.colcon_core.package_discovery:discover_packages(colcon_meta) check parameters
[0.325s] Level 1:colcon.colcon_core.package_discovery:discover_packages(recursive) check parameters
[0.325s] Level 1:colcon.colcon_core.package_discovery:discover_packages(ignore) check parameters
[0.325s] Level 1:colcon.colcon_core.package_discovery:discover_packages(path) check parameters
[0.325s] Level 1:colcon.colcon_core.package_discovery:discover_packages(colcon_meta) discover
[0.325s] Level 1:colcon.colcon_core.package_discovery:discover_packages(recursive) discover
[0.325s] INFO:colcon.colcon_core.package_discovery:Crawling recursively for packages in '/home/changsul/ros2_ws/src/boxing_2_0_0'
[0.325s] Level 1:colcon.colcon_core.package_identification:_identify(.) by extensions ['ignore', 'ignore_ament_install']
[0.325s] Level 1:colcon.colcon_core.package_identification:_identify(.) by extension 'ignore'
[0.325s] Level 1:colcon.colcon_core.package_identification:_identify(.) by extension 'ignore_ament_install'
[0.325s] Level 1:colcon.colcon_core.package_identification:_identify(.) by extensions ['colcon_pkg']
[0.326s] Level 1:colcon.colcon_core.package_identification:_identify(.) by extension 'colcon_pkg'
[0.326s] Level 1:colcon.colcon_core.package_identification:_identify(.) by extensions ['colcon_meta']
[0.326s] Level 1:colcon.colcon_core.package_identification:_identify(.) by extension 'colcon_meta'
[0.326s] Level 1:colcon.colcon_core.package_identification:_identify(.) by extensions ['ros']
[0.326s] Level 1:colcon.colcon_core.package_identification:_identify(.) by extension 'ros'
[0.341s] DEBUG:colcon.colcon_core.package_identification:Package '.' with type 'ros.ament_python' and name 'boxing_2_0_0'
[0.341s] Level 1:colcon.colcon_core.package_discovery:discover_packages(recursive) using defaults
[0.341s] Level 1:colcon.colcon_core.package_discovery:discover_packages(ignore) discover
[0.341s] Level 1:colcon.colcon_core.package_discovery:discover_packages(ignore) using defaults
[0.341s] Level 1:colcon.colcon_core.package_discovery:discover_packages(path) discover
[0.341s] Level 1:colcon.colcon_core.package_discovery:discover_packages(path) using defaults
[0.371s] Level 1:colcon.colcon_core.package_discovery:discover_packages(prefix_path) check parameters
[0.371s] Level 1:colcon.colcon_core.package_discovery:discover_packages(prefix_path) discover
[0.373s] DEBUG:colcon.colcon_installed_package_information.package_discovery:Found 7 installed packages in /home/changsul/ros2_ws/install
[0.374s] DEBUG:colcon.colcon_installed_package_information.package_discovery:Found 388 installed packages in /opt/ros/humble
[0.376s] Level 1:colcon.colcon_core.package_discovery:discover_packages(prefix_path) using defaults
[0.436s] Level 5:colcon.colcon_core.verb:set package 'boxing_2_0_0' build argument 'cmake_args' from command line to 'None'
[0.436s] Level 5:colcon.colcon_core.verb:set package 'boxing_2_0_0' build argument 'cmake_target' from command line to 'None'
[0.436s] Level 5:colcon.colcon_core.verb:set package 'boxing_2_0_0' build argument 'cmake_target_skip_unavailable' from command line to 'False'
[0.436s] Level 5:colcon.colcon_core.verb:set package 'boxing_2_0_0' build argument 'cmake_clean_cache' from command line to 'False'
[0.436s] Level 5:colcon.colcon_core.verb:set package 'boxing_2_0_0' build argument 'cmake_clean_first' from command line to 'False'
[0.436s] Level 5:colcon.colcon_core.verb:set package 'boxing_2_0_0' build argument 'cmake_force_configure' from command line to 'False'
[0.436s] Level 5:colcon.colcon_core.verb:set package 'boxing_2_0_0' build argument 'ament_cmake_args' from command line to 'None'
[0.436s] Level 5:colcon.colcon_core.verb:set package 'boxing_2_0_0' build argument 'catkin_cmake_args' from command line to 'None'
[0.436s] Level 5:colcon.colcon_core.verb:set package 'boxing_2_0_0' build argument 'catkin_skip_building_tests' from command line to 'False'
[0.436s] DEBUG:colcon.colcon_core.verb:Building package 'boxing_2_0_0' with the following arguments: {'ament_cmake_args': None, 'build_base': '/home/changsul/ros2_ws/src/boxing_2_0_0/build/boxing_2_0_0', 'catkin_cmake_args': None, 'catkin_skip_building_tests': False, 'cmake_args': None, 'cmake_clean_cache': False, 'cmake_clean_first': False, 'cmake_force_configure': False, 'cmake_target': None, 'cmake_target_skip_unavailable': False, 'install_base': '/home/changsul/ros2_ws/src/boxing_2_0_0/install/boxing_2_0_0', 'merge_install': False, 'path': '/home/changsul/ros2_ws/src/boxing_2_0_0', 'symlink_install': False, 'test_result_base': None}
[0.437s] INFO:colcon.colcon_core.executor:Executing jobs using 'parallel' executor
[0.438s] DEBUG:colcon.colcon_parallel_executor.executor.parallel:run_until_complete
[0.438s] INFO:colcon.colcon_ros.task.ament_python.build:Building ROS package in '/home/changsul/ros2_ws/src/boxing_2_0_0' with build type 'ament_python'
[0.438s] Level 1:colcon.colcon_core.shell:create_environment_hook('boxing_2_0_0', 'ament_prefix_path')
[0.440s] INFO:colcon.colcon_core.plugin_system:Skipping extension 'colcon_core.shell.bat': Not used on non-Windows systems
[0.440s] INFO:colcon.colcon_core.shell:Creating environment hook '/home/changsul/ros2_ws/src/boxing_2_0_0/install/boxing_2_0_0/share/boxing_2_0_0/hook/ament_prefix_path.ps1'
[0.441s] INFO:colcon.colcon_core.shell:Creating environment descriptor '/home/changsul/ros2_ws/src/boxing_2_0_0/install/boxing_2_0_0/share/boxing_2_0_0/hook/ament_prefix_path.dsv'
[0.442s] INFO:colcon.colcon_core.shell:Creating environment hook '/home/changsul/ros2_ws/src/boxing_2_0_0/install/boxing_2_0_0/share/boxing_2_0_0/hook/ament_prefix_path.sh'
[0.442s] INFO:colcon.colcon_core.shell:Skip shell extension 'powershell' for command environment: Not usable outside of PowerShell
[0.442s] DEBUG:colcon.colcon_core.shell:Skip shell extension 'dsv' for command environment
[0.698s] INFO:colcon.colcon_core.task.python.build:Building Python package in '/home/changsul/ros2_ws/src/boxing_2_0_0'
[0.699s] INFO:colcon.colcon_core.shell:Skip shell extension 'powershell' for command environment: Not usable outside of PowerShell
[0.699s] DEBUG:colcon.colcon_core.shell:Skip shell extension 'dsv' for command environment
[1.084s] DEBUG:colcon.colcon_core.event_handler.log_command:Invoking command in '/home/changsul/ros2_ws/src/boxing_2_0_0': PYTHONPATH=/home/changsul/ros2_ws/src/boxing_2_0_0/build/boxing_2_0_0/prefix_override:/home/changsul/ros2_ws/src/boxing_2_0_0/install/boxing_2_0_0/lib/python3.10/site-packages:${PYTHONPATH} /usr/bin/python3 -W ignore:setup.py install is deprecated setup.py egg_info --egg-base build/boxing_2_0_0 build --build-base /home/changsul/ros2_ws/src/boxing_2_0_0/build/boxing_2_0_0/build install --record /home/changsul/ros2_ws/src/boxing_2_0_0/build/boxing_2_0_0/install.log --single-version-externally-managed install_data
[1.411s] DEBUG:colcon.colcon_core.event_handler.log_command:Invoked command in '/home/changsul/ros2_ws/src/boxing_2_0_0' returned '0': PYTHONPATH=/home/changsul/ros2_ws/src/boxing_2_0_0/build/boxing_2_0_0/prefix_override:/home/changsul/ros2_ws/src/boxing_2_0_0/install/boxing_2_0_0/lib/python3.10/site-packages:${PYTHONPATH} /usr/bin/python3 -W ignore:setup.py install is deprecated setup.py egg_info --egg-base build/boxing_2_0_0 build --build-base /home/changsul/ros2_ws/src/boxing_2_0_0/build/boxing_2_0_0/build install --record /home/changsul/ros2_ws/src/boxing_2_0_0/build/boxing_2_0_0/install.log --single-version-externally-managed install_data
[1.413s] Level 1:colcon.colcon_core.environment:checking '/home/changsul/ros2_ws/src/boxing_2_0_0/install/boxing_2_0_0' for CMake module files
[1.413s] Level 1:colcon.colcon_core.environment:checking '/home/changsul/ros2_ws/src/boxing_2_0_0/install/boxing_2_0_0' for CMake config files
[1.414s] Level 1:colcon.colcon_core.environment:checking '/home/changsul/ros2_ws/src/boxing_2_0_0/install/boxing_2_0_0/lib'
[1.414s] Level 1:colcon.colcon_core.environment:checking '/home/changsul/ros2_ws/src/boxing_2_0_0/install/boxing_2_0_0/bin'
[1.414s] Level 1:colcon.colcon_core.environment:checking '/home/changsul/ros2_ws/src/boxing_2_0_0/install/boxing_2_0_0/lib/pkgconfig/boxing_2_0_0.pc'
[1.414s] Level 1:colcon.colcon_core.environment:checking '/home/changsul/ros2_ws/src/boxing_2_0_0/install/boxing_2_0_0/lib/python3.10/site-packages'
[1.414s] Level 1:colcon.colcon_core.shell:create_environment_hook('boxing_2_0_0', 'pythonpath')
[1.415s] INFO:colcon.colcon_core.shell:Creating environment hook '/home/changsul/ros2_ws/src/boxing_2_0_0/install/boxing_2_0_0/share/boxing_2_0_0/hook/pythonpath.ps1'
[1.415s] INFO:colcon.colcon_core.shell:Creating environment descriptor '/home/changsul/ros2_ws/src/boxing_2_0_0/install/boxing_2_0_0/share/boxing_2_0_0/hook/pythonpath.dsv'
[1.415s] INFO:colcon.colcon_core.shell:Creating environment hook '/home/changsul/ros2_ws/src/boxing_2_0_0/install/boxing_2_0_0/share/boxing_2_0_0/hook/pythonpath.sh'
[1.416s] Level 1:colcon.colcon_core.environment:checking '/home/changsul/ros2_ws/src/boxing_2_0_0/install/boxing_2_0_0/bin'
[1.416s] Level 1:colcon.colcon_core.environment:create_environment_scripts_only(boxing_2_0_0)
[1.416s] INFO:colcon.colcon_core.shell:Creating package script '/home/changsul/ros2_ws/src/boxing_2_0_0/install/boxing_2_0_0/share/boxing_2_0_0/package.ps1'
[1.417s] INFO:colcon.colcon_core.shell:Creating package descriptor '/home/changsul/ros2_ws/src/boxing_2_0_0/install/boxing_2_0_0/share/boxing_2_0_0/package.dsv'
[1.417s] INFO:colcon.colcon_core.shell:Creating package script '/home/changsul/ros2_ws/src/boxing_2_0_0/install/boxing_2_0_0/share/boxing_2_0_0/package.sh'
[1.418s] INFO:colcon.colcon_core.shell:Creating package script '/home/changsul/ros2_ws/src/boxing_2_0_0/install/boxing_2_0_0/share/boxing_2_0_0/package.bash'
[1.419s] INFO:colcon.colcon_core.shell:Creating package script '/home/changsul/ros2_ws/src/boxing_2_0_0/install/boxing_2_0_0/share/boxing_2_0_0/package.zsh'
[1.419s] Level 1:colcon.colcon_core.environment:create_file_with_runtime_dependencies(/home/changsul/ros2_ws/src/boxing_2_0_0/install/boxing_2_0_0/share/colcon-core/packages/boxing_2_0_0)
[1.420s] DEBUG:colcon.colcon_parallel_executor.executor.parallel:closing loop
[1.420s] DEBUG:colcon.colcon_parallel_executor.executor.parallel:loop closed
[1.420s] DEBUG:colcon.colcon_parallel_executor.executor.parallel:run_until_complete finished with '0'
[1.420s] DEBUG:colcon.colcon_core.event_reactor:joining thread
[1.432s] INFO:colcon.colcon_core.plugin_system:Skipping extension 'colcon_notification.desktop_notification.terminal_notifier': Not used on non-Darwin systems
[1.432s] INFO:colcon.colcon_core.plugin_system:Skipping extension 'colcon_notification.desktop_notification.win32': Not used on non-Windows systems
[1.432s] INFO:colcon.colcon_notification.desktop_notification:Sending desktop notification using 'notify2'
[1.444s] DEBUG:colcon.colcon_core.event_reactor:joined thread
[1.445s] INFO:colcon.colcon_core.shell:Creating prefix script '/home/changsul/ros2_ws/src/boxing_2_0_0/install/local_setup.ps1'
[1.446s] INFO:colcon.colcon_core.shell:Creating prefix util module '/home/changsul/ros2_ws/src/boxing_2_0_0/install/_local_setup_util_ps1.py'
[1.448s] INFO:colcon.colcon_core.shell:Creating prefix chain script '/home/changsul/ros2_ws/src/boxing_2_0_0/install/setup.ps1'
[1.452s] INFO:colcon.colcon_core.shell:Creating prefix script '/home/changsul/ros2_ws/src/boxing_2_0_0/install/local_setup.sh'
[1.453s] INFO:colcon.colcon_core.shell:Creating prefix util module '/home/changsul/ros2_ws/src/boxing_2_0_0/install/_local_setup_util_sh.py'
[1.453s] INFO:colcon.colcon_core.shell:Creating prefix chain script '/home/changsul/ros2_ws/src/boxing_2_0_0/install/setup.sh'
[1.454s] INFO:colcon.colcon_core.shell:Creating prefix script '/home/changsul/ros2_ws/src/boxing_2_0_0/install/local_setup.bash'
[1.455s] INFO:colcon.colcon_core.shell:Creating prefix chain script '/home/changsul/ros2_ws/src/boxing_2_0_0/install/setup.bash'
[1.456s] INFO:colcon.colcon_core.shell:Creating prefix script '/home/changsul/ros2_ws/src/boxing_2_0_0/install/local_setup.zsh'
[1.456s] INFO:colcon.colcon_core.shell:Creating prefix chain script '/home/changsul/ros2_ws/src/boxing_2_0_0/install/setup.zsh'
