[0.089s] DEBUG:colcon:Command line arguments: ['/usr/bin/colcon', 'build']
[0.089s] DEBUG:colcon:Parsed command line arguments: Namespace(log_base=None, log_level=None, verb_name='build', build_base='build', install_base='install', merge_install=False, symlink_install=False, test_result_base=None, continue_on_error=False, executor='parallel', parallel_workers=12, event_handlers=None, ignore_user_meta=False, metas=['./colcon.meta'], base_paths=['.'], packages_ignore=None, packages_ignore_regex=None, paths=None, packages_up_to=None, packages_up_to_regex=None, packages_above=None, packages_above_and_dependencies=None, packages_above_depth=None, packages_select_by_dep=None, packages_skip_by_dep=None, packages_skip_up_to=None, packages_select_build_failed=False, packages_skip_build_finished=False, packages_select_test_failures=False, packages_skip_test_passed=False, packages_select=None, packages_skip=None, packages_select_regex=None, packages_skip_regex=None, packages_start=None, packages_end=None, allow_overriding=[], cmake_args=None, cmake_target=None, cmake_target_skip_unavailable=False, cmake_clean_cache=False, cmake_clean_first=False, cmake_force_configure=False, ament_cmake_args=None, catkin_cmake_args=None, catkin_skip_building_tests=False, mixin_files=None, mixin=None, verb_parser=<colcon_mixin.mixin.mixin_argument.MixinArgumentDecorator object at 0x7b39cb432b90>, verb_extension=<colcon_core.verb.build.BuildVerb object at 0x7b39cb431f30>, main=<bound method BuildVerb.main of <colcon_core.verb.build.BuildVerb object at 0x7b39cb431f30>>, mixin_verb=('build',))
[0.233s] Level 1:colcon.colcon_core.package_discovery:discover_packages(colcon_meta) check parameters
[0.233s] Level 1:colcon.colcon_core.package_discovery:discover_packages(recursive) check parameters
[0.233s] Level 1:colcon.colcon_core.package_discovery:discover_packages(ignore) check parameters
[0.233s] Level 1:colcon.colcon_core.package_discovery:discover_packages(path) check parameters
[0.233s] Level 1:colcon.colcon_core.package_discovery:discover_packages(colcon_meta) discover
[0.233s] Level 1:colcon.colcon_core.package_discovery:discover_packages(recursive) discover
[0.233s] INFO:colcon.colcon_core.package_discovery:Crawling recursively for packages in '/home/minu/ros2_ws/src/boxing_2_0_0'
[0.233s] Level 1:colcon.colcon_core.package_identification:_identify(.) by extensions ['ignore', 'ignore_ament_install']
[0.233s] Level 1:colcon.colcon_core.package_identification:_identify(.) by extension 'ignore'
[0.233s] Level 1:colcon.colcon_core.package_identification:_identify(.) by extension 'ignore_ament_install'
[0.233s] Level 1:colcon.colcon_core.package_identification:_identify(.) by extensions ['colcon_pkg']
[0.233s] Level 1:colcon.colcon_core.package_identification:_identify(.) by extension 'colcon_pkg'
[0.233s] Level 1:colcon.colcon_core.package_identification:_identify(.) by extensions ['colcon_meta']
[0.233s] Level 1:colcon.colcon_core.package_identification:_identify(.) by extension 'colcon_meta'
[0.233s] Level 1:colcon.colcon_core.package_identification:_identify(.) by extensions ['ros']
[0.233s] Level 1:colcon.colcon_core.package_identification:_identify(.) by extension 'ros'
[0.244s] DEBUG:colcon.colcon_core.package_identification:Package '.' with type 'ros.ament_python' and name 'boxing_2_0_0'
[0.244s] Level 1:colcon.colcon_core.package_discovery:discover_packages(recursive) using defaults
[0.244s] Level 1:colcon.colcon_core.package_discovery:discover_packages(ignore) discover
[0.244s] Level 1:colcon.colcon_core.package_discovery:discover_packages(ignore) using defaults
[0.244s] Level 1:colcon.colcon_core.package_discovery:discover_packages(path) discover
[0.244s] Level 1:colcon.colcon_core.package_discovery:discover_packages(path) using defaults
[0.267s] Level 1:colcon.colcon_core.package_discovery:discover_packages(prefix_path) check parameters
[0.267s] Level 1:colcon.colcon_core.package_discovery:discover_packages(prefix_path) discover
[0.269s] DEBUG:colcon.colcon_installed_package_information.package_discovery:Found 2 installed packages in /home/minu/ros2_ws/install
[0.270s] DEBUG:colcon.colcon_installed_package_information.package_discovery:Found 327 installed packages in /opt/ros/humble
[0.271s] Level 1:colcon.colcon_core.package_discovery:discover_packages(prefix_path) using defaults
[0.307s] Level 5:colcon.colcon_core.verb:set package 'boxing_2_0_0' build argument 'cmake_args' from command line to 'None'
[0.307s] Level 5:colcon.colcon_core.verb:set package 'boxing_2_0_0' build argument 'cmake_target' from command line to 'None'
[0.307s] Level 5:colcon.colcon_core.verb:set package 'boxing_2_0_0' build argument 'cmake_target_skip_unavailable' from command line to 'False'
[0.307s] Level 5:colcon.colcon_core.verb:set package 'boxing_2_0_0' build argument 'cmake_clean_cache' from command line to 'False'
[0.307s] Level 5:colcon.colcon_core.verb:set package 'boxing_2_0_0' build argument 'cmake_clean_first' from command line to 'False'
[0.307s] Level 5:colcon.colcon_core.verb:set package 'boxing_2_0_0' build argument 'cmake_force_configure' from command line to 'False'
[0.307s] Level 5:colcon.colcon_core.verb:set package 'boxing_2_0_0' build argument 'ament_cmake_args' from command line to 'None'
[0.307s] Level 5:colcon.colcon_core.verb:set package 'boxing_2_0_0' build argument 'catkin_cmake_args' from command line to 'None'
[0.307s] Level 5:colcon.colcon_core.verb:set package 'boxing_2_0_0' build argument 'catkin_skip_building_tests' from command line to 'False'
[0.307s] DEBUG:colcon.colcon_core.verb:Building package 'boxing_2_0_0' with the following arguments: {'ament_cmake_args': None, 'build_base': '/home/minu/ros2_ws/src/boxing_2_0_0/build/boxing_2_0_0', 'catkin_cmake_args': None, 'catkin_skip_building_tests': False, 'cmake_args': None, 'cmake_clean_cache': False, 'cmake_clean_first': False, 'cmake_force_configure': False, 'cmake_target': None, 'cmake_target_skip_unavailable': False, 'install_base': '/home/minu/ros2_ws/src/boxing_2_0_0/install/boxing_2_0_0', 'merge_install': False, 'path': '/home/minu/ros2_ws/src/boxing_2_0_0', 'symlink_install': False, 'test_result_base': None}
[0.307s] INFO:colcon.colcon_core.executor:Executing jobs using 'parallel' executor
[0.308s] DEBUG:colcon.colcon_parallel_executor.executor.parallel:run_until_complete
[0.308s] INFO:colcon.colcon_ros.task.ament_python.build:Building ROS package in '/home/minu/ros2_ws/src/boxing_2_0_0' with build type 'ament_python'
[0.308s] Level 1:colcon.colcon_core.shell:create_environment_hook('boxing_2_0_0', 'ament_prefix_path')
[0.310s] INFO:colcon.colcon_core.plugin_system:Skipping extension 'colcon_core.shell.bat': Not used on non-Windows systems
[0.310s] INFO:colcon.colcon_core.shell:Creating environment hook '/home/minu/ros2_ws/src/boxing_2_0_0/install/boxing_2_0_0/share/boxing_2_0_0/hook/ament_prefix_path.ps1'
[0.311s] INFO:colcon.colcon_core.shell:Creating environment descriptor '/home/minu/ros2_ws/src/boxing_2_0_0/install/boxing_2_0_0/share/boxing_2_0_0/hook/ament_prefix_path.dsv'
[0.311s] INFO:colcon.colcon_core.shell:Creating environment hook '/home/minu/ros2_ws/src/boxing_2_0_0/install/boxing_2_0_0/share/boxing_2_0_0/hook/ament_prefix_path.sh'
[0.312s] INFO:colcon.colcon_core.shell:Skip shell extension 'powershell' for command environment: Not usable outside of PowerShell
[0.312s] DEBUG:colcon.colcon_core.shell:Skip shell extension 'dsv' for command environment
[0.525s] INFO:colcon.colcon_core.task.python.build:Building Python package in '/home/minu/ros2_ws/src/boxing_2_0_0'
[0.525s] INFO:colcon.colcon_core.shell:Skip shell extension 'powershell' for command environment: Not usable outside of PowerShell
[0.526s] DEBUG:colcon.colcon_core.shell:Skip shell extension 'dsv' for command environment
[0.812s] DEBUG:colcon.colcon_core.event_handler.log_command:Invoking command in '/home/minu/ros2_ws/src/boxing_2_0_0': PYTHONPATH=/home/minu/ros2_ws/src/boxing_2_0_0/build/boxing_2_0_0/prefix_override:/home/minu/ros2_ws/src/boxing_2_0_0/install/boxing_2_0_0/lib/python3.10/site-packages:${PYTHONPATH} /usr/bin/python3 -W ignore:setup.py install is deprecated setup.py egg_info --egg-base build/boxing_2_0_0 build --build-base /home/minu/ros2_ws/src/boxing_2_0_0/build/boxing_2_0_0/build install --record /home/minu/ros2_ws/src/boxing_2_0_0/build/boxing_2_0_0/install.log --single-version-externally-managed install_data
[1.056s] DEBUG:colcon.colcon_core.event_handler.log_command:Invoked command in '/home/minu/ros2_ws/src/boxing_2_0_0' returned '0': PYTHONPATH=/home/minu/ros2_ws/src/boxing_2_0_0/build/boxing_2_0_0/prefix_override:/home/minu/ros2_ws/src/boxing_2_0_0/install/boxing_2_0_0/lib/python3.10/site-packages:${PYTHONPATH} /usr/bin/python3 -W ignore:setup.py install is deprecated setup.py egg_info --egg-base build/boxing_2_0_0 build --build-base /home/minu/ros2_ws/src/boxing_2_0_0/build/boxing_2_0_0/build install --record /home/minu/ros2_ws/src/boxing_2_0_0/build/boxing_2_0_0/install.log --single-version-externally-managed install_data
[1.057s] Level 1:colcon.colcon_core.environment:checking '/home/minu/ros2_ws/src/boxing_2_0_0/install/boxing_2_0_0' for CMake module files
[1.058s] Level 1:colcon.colcon_core.environment:checking '/home/minu/ros2_ws/src/boxing_2_0_0/install/boxing_2_0_0' for CMake config files
[1.058s] Level 1:colcon.colcon_core.environment:checking '/home/minu/ros2_ws/src/boxing_2_0_0/install/boxing_2_0_0/lib'
[1.058s] Level 1:colcon.colcon_core.environment:checking '/home/minu/ros2_ws/src/boxing_2_0_0/install/boxing_2_0_0/bin'
[1.058s] Level 1:colcon.colcon_core.environment:checking '/home/minu/ros2_ws/src/boxing_2_0_0/install/boxing_2_0_0/lib/pkgconfig/boxing_2_0_0.pc'
[1.059s] Level 1:colcon.colcon_core.environment:checking '/home/minu/ros2_ws/src/boxing_2_0_0/install/boxing_2_0_0/lib/python3.10/site-packages'
[1.059s] Level 1:colcon.colcon_core.shell:create_environment_hook('boxing_2_0_0', 'pythonpath')
[1.059s] INFO:colcon.colcon_core.shell:Creating environment hook '/home/minu/ros2_ws/src/boxing_2_0_0/install/boxing_2_0_0/share/boxing_2_0_0/hook/pythonpath.ps1'
[1.059s] INFO:colcon.colcon_core.shell:Creating environment descriptor '/home/minu/ros2_ws/src/boxing_2_0_0/install/boxing_2_0_0/share/boxing_2_0_0/hook/pythonpath.dsv'
[1.059s] INFO:colcon.colcon_core.shell:Creating environment hook '/home/minu/ros2_ws/src/boxing_2_0_0/install/boxing_2_0_0/share/boxing_2_0_0/hook/pythonpath.sh'
[1.060s] Level 1:colcon.colcon_core.environment:checking '/home/minu/ros2_ws/src/boxing_2_0_0/install/boxing_2_0_0/bin'
[1.060s] Level 1:colcon.colcon_core.environment:create_environment_scripts_only(boxing_2_0_0)
[1.060s] INFO:colcon.colcon_core.shell:Creating package script '/home/minu/ros2_ws/src/boxing_2_0_0/install/boxing_2_0_0/share/boxing_2_0_0/package.ps1'
[1.061s] INFO:colcon.colcon_core.shell:Creating package descriptor '/home/minu/ros2_ws/src/boxing_2_0_0/install/boxing_2_0_0/share/boxing_2_0_0/package.dsv'
[1.061s] INFO:colcon.colcon_core.shell:Creating package script '/home/minu/ros2_ws/src/boxing_2_0_0/install/boxing_2_0_0/share/boxing_2_0_0/package.sh'
[1.062s] INFO:colcon.colcon_core.shell:Creating package script '/home/minu/ros2_ws/src/boxing_2_0_0/install/boxing_2_0_0/share/boxing_2_0_0/package.bash'
[1.062s] INFO:colcon.colcon_core.shell:Creating package script '/home/minu/ros2_ws/src/boxing_2_0_0/install/boxing_2_0_0/share/boxing_2_0_0/package.zsh'
[1.063s] Level 1:colcon.colcon_core.environment:create_file_with_runtime_dependencies(/home/minu/ros2_ws/src/boxing_2_0_0/install/boxing_2_0_0/share/colcon-core/packages/boxing_2_0_0)
[1.063s] DEBUG:colcon.colcon_parallel_executor.executor.parallel:closing loop
[1.063s] DEBUG:colcon.colcon_parallel_executor.executor.parallel:loop closed
[1.064s] DEBUG:colcon.colcon_parallel_executor.executor.parallel:run_until_complete finished with '0'
[1.064s] DEBUG:colcon.colcon_core.event_reactor:joining thread
[1.068s] INFO:colcon.colcon_core.plugin_system:Skipping extension 'colcon_notification.desktop_notification.terminal_notifier': Not used on non-Darwin systems
[1.068s] INFO:colcon.colcon_core.plugin_system:Skipping extension 'colcon_notification.desktop_notification.win32': Not used on non-Windows systems
[1.068s] INFO:colcon.colcon_notification.desktop_notification:Sending desktop notification using 'notify2'
[1.077s] DEBUG:colcon.colcon_core.event_reactor:joined thread
[1.077s] INFO:colcon.colcon_core.shell:Creating prefix script '/home/minu/ros2_ws/src/boxing_2_0_0/install/local_setup.ps1'
[1.078s] INFO:colcon.colcon_core.shell:Creating prefix util module '/home/minu/ros2_ws/src/boxing_2_0_0/install/_local_setup_util_ps1.py'
[1.079s] INFO:colcon.colcon_core.shell:Creating prefix chain script '/home/minu/ros2_ws/src/boxing_2_0_0/install/setup.ps1'
[1.080s] INFO:colcon.colcon_core.shell:Creating prefix script '/home/minu/ros2_ws/src/boxing_2_0_0/install/local_setup.sh'
[1.080s] INFO:colcon.colcon_core.shell:Creating prefix util module '/home/minu/ros2_ws/src/boxing_2_0_0/install/_local_setup_util_sh.py'
[1.080s] INFO:colcon.colcon_core.shell:Creating prefix chain script '/home/minu/ros2_ws/src/boxing_2_0_0/install/setup.sh'
[1.081s] INFO:colcon.colcon_core.shell:Creating prefix script '/home/minu/ros2_ws/src/boxing_2_0_0/install/local_setup.bash'
[1.082s] INFO:colcon.colcon_core.shell:Creating prefix chain script '/home/minu/ros2_ws/src/boxing_2_0_0/install/setup.bash'
[1.082s] INFO:colcon.colcon_core.shell:Creating prefix script '/home/minu/ros2_ws/src/boxing_2_0_0/install/local_setup.zsh'
[1.083s] INFO:colcon.colcon_core.shell:Creating prefix chain script '/home/minu/ros2_ws/src/boxing_2_0_0/install/setup.zsh'
